<?xml version="1.0" encoding="UTF-8"?>
<!-- Generated by org.testng.reporters.JUnitXMLReporter -->
<testsuite ignored="2" hostname="DESKTOP-81ARGGN" failures="0" tests="1" name="Default test" time="18.019" errors="0" timestamp="2022-01-25T14:38:30 IST">
  <testcase classname="com.synechron.test.DemoTest" name="readExcelDynamic" time="17.967"/>
  <testcase classname="com.synechron.test.DemoTest" name="validTest" time="0.0">
    <ignored/>
  </testcase> <!-- validTest -->
  <testcase classname="com.synechron.test.DemoTest" name="readExcel" time="0.0">
    <ignored/>
  </testcase> <!-- readExcel -->
</testsuite> <!-- Default test -->
