<?xml version="1.0" encoding="UTF-8"?>
<testng-results ignored="0" total="1" passed="1" failed="0" skipped="0">
  <reporter-output>
  </reporter-output>
  <suite started-at="2022-01-24T14:08:41 IST" name="Default suite" finished-at="2022-01-24T14:09:05 IST" duration-ms="23829">
    <groups>
    </groups>
    <test started-at="2022-01-24T14:08:41 IST" name="Default test" finished-at="2022-01-24T14:09:05 IST" duration-ms="23829">
      <class name="com.synechron.test.SignInTest">
        <test-method is-config="true" signature="startApp()[pri:0, instance:com.synechron.test.SignInTest@7205765b]" started-at="2022-01-24T14:08:41 IST" name="startApp" finished-at="2022-01-24T14:08:55 IST" duration-ms="13521" status="PASS">
          <reporter-output>
          </reporter-output>
        </test-method> <!-- startApp -->
        <test-method signature="invalidCredentialTest()[pri:0, instance:com.synechron.test.SignInTest@7205765b]" started-at="2022-01-24T14:08:55 IST" name="invalidCredentialTest" finished-at="2022-01-24T14:09:04 IST" duration-ms="9582" status="PASS">
          <reporter-output>
          </reporter-output>
        </test-method> <!-- invalidCredentialTest -->
        <test-method is-config="true" signature="terminateApp()[pri:0, instance:com.synechron.test.SignInTest@7205765b]" started-at="2022-01-24T14:09:04 IST" name="terminateApp" finished-at="2022-01-24T14:09:05 IST" duration-ms="669" status="PASS">
          <reporter-output>
          </reporter-output>
        </test-method> <!-- terminateApp -->
      </class> <!-- com.synechron.test.SignInTest -->
    </test> <!-- Default test -->
  </suite> <!-- Default suite -->
</testng-results>
