<?xml version="1.0" encoding="UTF-8"?>
<testng-results ignored="0" total="1" passed="1" failed="0" skipped="0">
  <reporter-output>
  </reporter-output>
  <suite started-at="2022-01-24T12:29:21 IST" name="Default suite" finished-at="2022-01-24T12:29:21 IST" duration-ms="49">
    <groups>
    </groups>
    <test started-at="2022-01-24T12:29:21 IST" name="Default test" finished-at="2022-01-24T12:29:21 IST" duration-ms="49">
      <class name="com.synechron.test.SignInTest">
        <test-method signature="invalidCredentialTest()[pri:0, instance:com.synechron.test.SignInTest@5fbdfdcf]" started-at="2022-01-24T12:29:21 IST" name="invalidCredentialTest" finished-at="2022-01-24T12:29:21 IST" duration-ms="10" status="PASS">
          <reporter-output>
          </reporter-output>
        </test-method> <!-- invalidCredentialTest -->
      </class> <!-- com.synechron.test.SignInTest -->
    </test> <!-- Default test -->
  </suite> <!-- Default suite -->
</testng-results>
